/Users/seunghoonoh/Library/Python/3.9/lib/python/site-packages/urllib3/__init__.py:35: NotOpenSSLWarning: urllib3 v2 only supports OpenSSL 1.1.1+, currently the 'ssl' module is compiled with 'LibreSSL 2.8.3'. See: https://github.com/urllib3/urllib3/issues/3020
  warnings.warn(
/Users/seunghoonoh/Library/Python/3.9/lib/python/site-packages/urllib3/__init__.py:35: NotOpenSSLWarning: urllib3 v2 only supports OpenSSL 1.1.1+, currently the 'ssl' module is compiled with 'LibreSSL 2.8.3'. See: https://github.com/urllib3/urllib3/issues/3020
  warnings.warn(
/Users/seunghoonoh/Library/Python/3.9/lib/python/site-packages/urllib3/__init__.py:35: NotOpenSSLWarning: urllib3 v2 only supports OpenSSL 1.1.1+, currently the 'ssl' module is compiled with 'LibreSSL 2.8.3'. See: https://github.com/urllib3/urllib3/issues/3020
  warnings.warn(
2026-02-02 13:36:30,198 (__init__.py:1241 MainThread) ERROR - TeleBot: "Threaded polling exception: A request to the Telegram API was unsuccessful. Error code: 400. Description: Bad Request: can't parse entities: Can't find end of the entity starting at byte offset 65"
2026-02-02 13:36:30,198 (__init__.py:1243 MainThread) ERROR - TeleBot: "Exception traceback:
Traceback (most recent call last):
  File "/Users/seunghoonoh/Library/Python/3.9/lib/python/site-packages/telebot/__init__.py", line 1235, in __threaded_polling
    self.worker_pool.raise_exceptions()
  File "/Users/seunghoonoh/Library/Python/3.9/lib/python/site-packages/telebot/util.py", line 154, in raise_exceptions
    raise self.exception_info
  File "/Users/seunghoonoh/Library/Python/3.9/lib/python/site-packages/telebot/util.py", line 97, in run
    task(*args, **kwargs)
  File "/Users/seunghoonoh/Library/Python/3.9/lib/python/site-packages/telebot/__init__.py", line 10379, in _run_middlewares_and_handler
    result = handler['function'](message)
  File "/Users/seunghoonoh/woonmok.github.io/antigravity.py", line 129, in handle_msg
    bot.reply_to(message, result, parse_mode="markdown")
  File "/Users/seunghoonoh/Library/Python/3.9/lib/python/site-packages/telebot/__init__.py", line 6394, in reply_to
    return self.send_message(message.chat.id, text, reply_parameters=reply_parameters, **kwargs)
  File "/Users/seunghoonoh/Library/Python/3.9/lib/python/site-packages/telebot/__init__.py", line 1811, in send_message
    apihelper.send_message(
  File "/Users/seunghoonoh/Library/Python/3.9/lib/python/site-packages/telebot/apihelper.py", line 282, in send_message
    return _make_request(token, method_url, params=payload, method='post')
  File "/Users/seunghoonoh/Library/Python/3.9/lib/python/site-packages/telebot/apihelper.py", line 168, in _make_request
    json_result = _check_result(method_name, result)
  File "/Users/seunghoonoh/Library/Python/3.9/lib/python/site-packages/telebot/apihelper.py", line 197, in _check_result
    raise ApiTelegramException(method_name, result, result_json)
telebot.apihelper.ApiTelegramException: A request to the Telegram API was unsuccessful. Error code: 400. Description: Bad Request: can't parse entities: Can't find end of the entity starting at byte offset 65
"
/Users/seunghoonoh/Library/Python/3.9/lib/python/site-packages/urllib3/__init__.py:35: NotOpenSSLWarning: urllib3 v2 only supports OpenSSL 1.1.1+, currently the 'ssl' module is compiled with 'LibreSSL 2.8.3'. See: https://github.com/urllib3/urllib3/issues/3020
  warnings.warn(
2026-02-02 13:37:48,377 (__init__.py:1241 MainThread) ERROR - TeleBot: "Threaded polling exception: A request to the Telegram API was unsuccessful. Error code: 400. Description: Bad Request: can't parse entities: Can't find end of the entity starting at byte offset 65"
2026-02-02 13:37:48,378 (__init__.py:1243 MainThread) ERROR - TeleBot: "Exception traceback:
Traceback (most recent call last):
  File "/Users/seunghoonoh/Library/Python/3.9/lib/python/site-packages/telebot/__init__.py", line 1235, in __threaded_polling
    self.worker_pool.raise_exceptions()
  File "/Users/seunghoonoh/Library/Python/3.9/lib/python/site-packages/telebot/util.py", line 154, in raise_exceptions
    raise self.exception_info
  File "/Users/seunghoonoh/Library/Python/3.9/lib/python/site-packages/telebot/util.py", line 97, in run
    task(*args, **kwargs)
  File "/Users/seunghoonoh/Library/Python/3.9/lib/python/site-packages/telebot/__init__.py", line 10379, in _run_middlewares_and_handler
    result = handler['function'](message)
  File "/Users/seunghoonoh/woonmok.github.io/antigravity.py", line 129, in handle_msg
    bot.reply_to(message, result, parse_mode="markdown")
  File "/Users/seunghoonoh/Library/Python/3.9/lib/python/site-packages/telebot/__init__.py", line 6394, in reply_to
    return self.send_message(message.chat.id, text, reply_parameters=reply_parameters, **kwargs)
  File "/Users/seunghoonoh/Library/Python/3.9/lib/python/site-packages/telebot/__init__.py", line 1811, in send_message
    apihelper.send_message(
  File "/Users/seunghoonoh/Library/Python/3.9/lib/python/site-packages/telebot/apihelper.py", line 282, in send_message
    return _make_request(token, method_url, params=payload, method='post')
  File "/Users/seunghoonoh/Library/Python/3.9/lib/python/site-packages/telebot/apihelper.py", line 168, in _make_request
    json_result = _check_result(method_name, result)
  File "/Users/seunghoonoh/Library/Python/3.9/lib/python/site-packages/telebot/apihelper.py", line 197, in _check_result
    raise ApiTelegramException(method_name, result, result_json)
telebot.apihelper.ApiTelegramException: A request to the Telegram API was unsuccessful. Error code: 400. Description: Bad Request: can't parse entities: Can't find end of the entity starting at byte offset 65
"
/Users/seunghoonoh/Library/Python/3.9/lib/python/site-packages/urllib3/__init__.py:35: NotOpenSSLWarning: urllib3 v2 only supports OpenSSL 1.1.1+, currently the 'ssl' module is compiled with 'LibreSSL 2.8.3'. See: https://github.com/urllib3/urllib3/issues/3020
  warnings.warn(
/Users/seunghoonoh/Library/Python/3.9/lib/python/site-packages/urllib3/__init__.py:35: NotOpenSSLWarning: urllib3 v2 only supports OpenSSL 1.1.1+, currently the 'ssl' module is compiled with 'LibreSSL 2.8.3'. See: https://github.com/urllib3/urllib3/issues/3020
  warnings.warn(
/Users/seunghoonoh/Library/Python/3.9/lib/python/site-packages/urllib3/__init__.py:35: NotOpenSSLWarning: urllib3 v2 only supports OpenSSL 1.1.1+, currently the 'ssl' module is compiled with 'LibreSSL 2.8.3'. See: https://github.com/urllib3/urllib3/issues/3020
  warnings.warn(
/Users/seunghoonoh/Library/Python/3.9/lib/python/site-packages/urllib3/__init__.py:35: NotOpenSSLWarning: urllib3 v2 only supports OpenSSL 1.1.1+, currently the 'ssl' module is compiled with 'LibreSSL 2.8.3'. See: https://github.com/urllib3/urllib3/issues/3020
  warnings.warn(
Traceback (most recent call last):
  File "/Users/seunghoonoh/woonmok.github.io/antigravity.py", line 1, in <module>
    import os, requests, telebot, re, time, threading, fcntl, json
ModuleNotFoundError: No module named 'telebot'
Traceback (most recent call last):
  File "/Users/seunghoonoh/woonmok.github.io/antigravity.py", line 1, in <module>
    import os, requests, telebot, re, time, threading, fcntl, json
ModuleNotFoundError: No module named 'telebot'
Traceback (most recent call last):
  File "/Users/seunghoonoh/woonmok.github.io/antigravity.py", line 1, in <module>
    import os, requests, telebot, re, time, threading, fcntl, json
ModuleNotFoundError: No module named 'telebot'
Traceback (most recent call last):
  File "/Users/seunghoonoh/woonmok.github.io/antigravity.py", line 1, in <module>
    import os, requests, telebot, re, time, threading, fcntl, json
ModuleNotFoundError: No module named 'telebot'
Traceback (most recent call last):
  File "/Users/seunghoonoh/woonmok.github.io/antigravity.py", line 1, in <module>
    import os, requests, telebot, re, time, threading, fcntl, json
ModuleNotFoundError: No module named 'telebot'
Traceback (most recent call last):
  File "/Users/seunghoonoh/woonmok.github.io/antigravity.py", line 1, in <module>
    import os, requests, telebot, re, time, threading, fcntl, json
ModuleNotFoundError: No module named 'telebot'
/Users/seunghoonoh/woonmok.github.io/.venv/lib/python3.9/site-packages/urllib3/__init__.py:35: NotOpenSSLWarning: urllib3 v2 only supports OpenSSL 1.1.1+, currently the 'ssl' module is compiled with 'LibreSSL 2.8.3'. See: https://github.com/urllib3/urllib3/issues/3020
  warnings.warn(
